<?xml version="1.0" encoding="UTF-8"?>
<testsuite xmlns:xsi="http://www.w3.org/2001/XMLSchema-instance" xsi:noNamespaceSchemaLocation="https://maven.apache.org/surefire/maven-surefire-plugin/xsd/surefire-test-report-3.0.xsd" version="3.0" name="com.lonton.binarytree.TreeApplicationTest" time="6.987" tests="11" errors="0" skipped="0" failures="0">
  <properties>
[...]
</properties>
  <testcase name="prePrint" classname="com.lonton.binarytree.TreeApplicationTest" time="1.173">
    <system-out><![CDATA[15:31:15.126 [main] DEBUG org.springframework.test.context.BootstrapUtils - Instantiating CacheAwareContextLoaderDelegate from class [org.springframework.test.context.cache.DefaultCacheAwareContextLoaderDelegate]
15:31:15.150 [main] DEBUG org.springframework.test.context.BootstrapUtils - Instantiating BootstrapContext using constructor [public org.springframework.test.context.support.DefaultBootstrapContext(java.lang.Class,org.springframework.test.context.CacheAwareContextLoaderDelegate)]
15:31:15.251 [main] DEBUG org.springframework.test.context.BootstrapUtils - Instantiating TestContextBootstrapper for test class [com.lonton.binarytree.TreeApplicationTest] from class [org.springframework.boot.test.context.SpringBootTestContextBootstrapper]
15:31:15.286 [main] INFO org.springframework.boot.test.context.SpringBootTestContextBootstrapper - Neither @ContextConfiguration nor @ContextHierarchy found for test class [com.lonton.binarytree.TreeApplicationTest], using SpringBootContextLoader
15:31:15.294 [main] DEBUG org.springframework.test.context.support.AbstractContextLoader - Did not detect default resource location for test class [com.lonton.binarytree.TreeApplicationTest]: class path resource [com/lonton/binarytree/TreeApplicationTest-context.xml] does not exist
15:31:15.295 [main] DEBUG org.springframework.test.context.support.AbstractContextLoader - Did not detect default resource location for test class [com.lonton.binarytree.TreeApplicationTest]: class path resource [com/lonton/binarytree/TreeApplicationTestContext.groovy] does not exist
15:31:15.295 [main] INFO org.springframework.test.context.support.AbstractContextLoader - Could not detect default resource locations for test class [com.lonton.binarytree.TreeApplicationTest]: no resource found for suffixes {-context.xml, Context.groovy}.
15:31:15.421 [main] DEBUG org.springframework.test.context.support.ActiveProfilesUtils - Could not find an 'annotation declaring class' for annotation type [org.springframework.test.context.ActiveProfiles] and class [com.lonton.binarytree.TreeApplicationTest]
15:31:15.711 [main] DEBUG org.springframework.boot.test.context.SpringBootTestContextBootstrapper - @TestExecutionListeners is not present for class [com.lonton.binarytree.TreeApplicationTest]: using defaults.
15:31:15.712 [main] INFO org.springframework.boot.test.context.SpringBootTestContextBootstrapper - Loaded default TestExecutionListener class names from location [META-INF/spring.factories]: [org.springframework.boot.test.mock.mockito.MockitoTestExecutionListener, org.springframework.boot.test.mock.mockito.ResetMocksTestExecutionListener, org.springframework.boot.test.autoconfigure.restdocs.RestDocsTestExecutionListener, org.springframework.boot.test.autoconfigure.web.client.MockRestServiceServerResetTestExecutionListener, org.springframework.boot.test.autoconfigure.web.servlet.MockMvcPrintOnlyOnFailureTestExecutionListener, org.springframework.boot.test.autoconfigure.web.servlet.WebDriverTestExecutionListener, org.springframework.boot.test.autoconfigure.webservices.client.MockWebServiceServerTestExecutionListener, org.springframework.test.context.web.ServletTestExecutionListener, org.springframework.test.context.support.DirtiesContextBeforeModesTestExecutionListener, org.springframework.test.context.event.ApplicationEventsTestExecutionListener, org.springframework.test.context.support.DependencyInjectionTestExecutionListener, org.springframework.test.context.support.DirtiesContextTestExecutionListener, org.springframework.test.context.transaction.TransactionalTestExecutionListener, org.springframework.test.context.jdbc.SqlScriptsTestExecutionListener, org.springframework.test.context.event.EventPublishingTestExecutionListener]
15:31:15.763 [main] INFO org.springframework.boot.test.context.SpringBootTestContextBootstrapper - Using TestExecutionListeners: [org.springframework.test.context.web.ServletTestExecutionListener@323e026d, org.springframework.test.context.support.DirtiesContextBeforeModesTestExecutionListener@1716c037, org.springframework.test.context.event.ApplicationEventsTestExecutionListener@79b63325, org.springframework.boot.test.mock.mockito.MockitoTestExecutionListener@708769b7, org.springframework.boot.test.autoconfigure.SpringBootDependencyInjectionTestExecutionListener@32e830a0, org.springframework.test.context.support.DirtiesContextTestExecutionListener@135e49b2, org.springframework.test.context.transaction.TransactionalTestExecutionListener@5bb97fe7, org.springframework.test.context.jdbc.SqlScriptsTestExecutionListener@10b87ff6, org.springframework.test.context.event.EventPublishingTestExecutionListener@63262071, org.springframework.boot.test.mock.mockito.ResetMocksTestExecutionListener@2d4f67e, org.springframework.boot.test.autoconfigure.restdocs.RestDocsTestExecutionListener@1282f784, org.springframework.boot.test.autoconfigure.web.client.MockRestServiceServerResetTestExecutionListener@41167ded, org.springframework.boot.test.autoconfigure.web.servlet.MockMvcPrintOnlyOnFailureTestExecutionListener@13e1e816, org.springframework.boot.test.autoconfigure.web.servlet.WebDriverTestExecutionListener@36238b12, org.springframework.boot.test.autoconfigure.webservices.client.MockWebServiceServerTestExecutionListener@33187485]
15:31:15.773 [main] DEBUG org.springframework.test.context.support.AbstractDirtiesContextTestExecutionListener - Before test class: context [DefaultTestContext@75d97e18 testClass = TreeApplicationTest, testInstance = [null], testMethod = [null], testException = [null], mergedContextConfiguration = [WebMergedContextConfiguration@5fdb7394 testClass = TreeApplicationTest, locations = '{}', classes = '{class com.lonton.binarytree.TreeApplication}', contextInitializerClasses = '[]', activeProfiles = '{}', propertySourceLocations = '{}', propertySourceProperties = '{org.springframework.boot.test.context.SpringBootTestContextBootstrapper=true}', contextCustomizers = set[[ImportsContextCustomizer@2d9de284 key = [@org.mybatis.spring.annotation.MapperScan(sqlSessionFactoryRef=, sqlSessionTemplateRef=, lazyInitialization=, annotationClass=interface java.lang.annotation.Annotation, basePackageClasses=[], nameGenerator=interface org.springframework.beans.factory.support.BeanNameGenerator, markerInterface=class java.lang.Class, basePackages=[], value=[com.lonton.binarytree.mapper.TreeNodeMapper], factoryBean=class org.mybatis.spring.mapper.MapperFactoryBean), @org.springframework.boot.test.context.SpringBootTest(args=[], webEnvironment=MOCK, value=[], properties=[], classes=[class com.lonton.binarytree.TreeApplication]), @org.springframework.context.annotation.Import(value=[class org.mybatis.spring.annotation.MapperScannerRegistrar]), @org.springframework.test.context.BootstrapWith(value=class org.springframework.boot.test.context.SpringBootTestContextBootstrapper)]], org.springframework.boot.test.context.filter.ExcludeFilterContextCustomizer@7d8cf9ac, org.springframework.boot.test.json.DuplicateJsonObjectContextCustomizerFactory$DuplicateJsonObjectContextCustomizer@2da81754, org.springframework.boot.test.mock.mockito.MockitoContextCustomizer@0, org.springframework.boot.test.web.client.TestRestTemplateContextCustomizer@35adf623, org.springframework.boot.test.autoconfigure.actuate.metrics.MetricsExportContextCustomizerFactory$DisableMetricExportContextCustomizer@7c90b7b7, org.springframework.boot.test.autoconfigure.properties.PropertyMappingContextCustomizer@0, org.springframework.boot.test.autoconfigure.web.servlet.WebDriverContextCustomizerFactory$Customizer@40ce9049, org.springframework.boot.test.context.SpringBootTestArgs@1, org.springframework.boot.test.context.SpringBootTestWebEnvironment@60fa3495], resourceBasePath = 'src/main/webapp', contextLoader = 'org.springframework.boot.test.context.SpringBootContextLoader', parent = [null]], attributes = map['org.springframework.test.context.web.ServletTestExecutionListener.activateListener' -> true]], class annotated with @DirtiesContext [false] with mode [null].
15:31:15.868 [main] DEBUG org.springframework.boot.ApplicationServletEnvironment - Activating profiles []
15:31:15.870 [main] DEBUG org.springframework.test.context.support.TestPropertySourceUtils - Adding inlined properties to environment: {spring.jmx.enabled=false, org.springframework.boot.test.context.SpringBootTestContextBootstrapper=true}

  .   ____          _            __ _ _
 /\\ / ___'_ __ _ _(_)_ __  __ _ \ \ \ \
( ( )\___ | '_ | '_| | '_ \/ _` | \ \ \ \
 \\/  ___)| |_)| | | | | || (_| |  ) ) ) )
  '  |____| .__|_| |_|_| |_\__, | / / / /
 =========|_|==============|___/=/_/_/_/
 :: Spring Boot ::                (v2.6.1)

2023-03-23 15:31:16.672  INFO 28236 --- [           main] c.lonton.binarytree.TreeApplicationTest  : Starting TreeApplicationTest using Java 1.8.0_45 on LAPTOP-EQ4FJRRO with PID 28236 (started by zhanglihong2333 in C:\Users\zhanglihong2333\IdeaProjects\data-structure)
2023-03-23 15:31:16.674  INFO 28236 --- [           main] c.lonton.binarytree.TreeApplicationTest  : The following profiles are active: dev
2023-03-23 15:31:17.918  WARN 28236 --- [           main] o.m.s.mapper.ClassPathMapperScanner      : No MyBatis mapper was found in '[com.lonton.binarytree.mapper.TreeNodeMapper]' package. Please check your configuration.
2023-03-23 15:31:18.254  INFO 28236 --- [           main] c.lonton.binarytree.utils.MybatisConfig  : 加载配置类：MybatisConfiguration
2023-03-23 15:31:18.326  INFO 28236 --- [           main] c.a.d.s.b.a.DruidDataSourceAutoConfigure : Init DruidDataSource
2023-03-23 15:31:18.751  INFO 28236 --- [           main] com.alibaba.druid.pool.DruidDataSource   : {dataSource-1} inited
2023-03-23 15:31:20.545  INFO 28236 --- [           main] c.lonton.binarytree.TreeApplicationTest  : Started TreeApplicationTest in 4.674 seconds (JVM running for 7.177)
2023-03-23 15:31:21.733  INFO 28236 --- [           main] c.lonton.binarytree.TreeApplicationTest  : 前序遍历打印二叉树:[水果, 柑橘类, 橙子, 沃柑, 瓜果类, 西瓜, 哈密瓜]
]]></system-out>
  </testcase>
  <testcase name="preOrderTraversalSearch" classname="com.lonton.binarytree.TreeApplicationTest" time="0.017">
    <system-out><![CDATA[2023-03-23 15:31:21.791  INFO 28236 --- [           main] c.lonton.binarytree.TreeApplicationTest  : 前序遍历查找节点:水果
]]></system-out>
  </testcase>
  <testcase name="midFilter" classname="com.lonton.binarytree.TreeApplicationTest" time="0.019">
    <system-out><![CDATA[2023-03-23 15:31:21.812  INFO 28236 --- [           main] c.lonton.binarytree.TreeApplicationTest  : 中序过滤二叉树:[橙子]
]]></system-out>
  </testcase>
  <testcase name="mid" classname="com.lonton.binarytree.TreeApplicationTest" time="0.014">
    <system-out><![CDATA[2023-03-23 15:31:21.827  INFO 28236 --- [           main] c.lonton.binarytree.TreeApplicationTest  : 中序遍历打印二叉树:[橙子, 柑橘类, 沃柑, 水果, 西瓜, 瓜果类, 哈密瓜]
]]></system-out>
  </testcase>
  <testcase name="pre" classname="com.lonton.binarytree.TreeApplicationTest" time="0.01">
    <system-out><![CDATA[2023-03-23 15:31:21.841  INFO 28236 --- [           main] c.lonton.binarytree.TreeApplicationTest  : 前序遍历打印二叉树:[水果, 柑橘类, 橙子, 沃柑, 瓜果类, 西瓜, 哈密瓜]
]]></system-out>
  </testcase>
  <testcase name="post" classname="com.lonton.binarytree.TreeApplicationTest" time="0.013">
    <system-out><![CDATA[2023-03-23 15:31:21.857  INFO 28236 --- [           main] c.lonton.binarytree.TreeApplicationTest  : 后序遍历打印二叉树:[橙子, 沃柑, 柑橘类, 西瓜, 哈密瓜, 瓜果类, 水果]
]]></system-out>
  </testcase>
  <testcase name="testFilterByStream" classname="com.lonton.binarytree.TreeApplicationTest" time="0.015">
    <system-out><![CDATA[2023-03-23 15:31:21.873  INFO 28236 --- [           main] c.lonton.binarytree.TreeApplicationTest  : 为左节点的节点：沃柑
2023-03-23 15:31:21.874  INFO 28236 --- [           main] c.lonton.binarytree.TreeApplicationTest  : 为左节点的节点：瓜果类
]]></system-out>
  </testcase>
  <testcase name="postOrderTraversalSearch" classname="com.lonton.binarytree.TreeApplicationTest" time="0.013">
    <system-out><![CDATA[2023-03-23 15:31:21.889  INFO 28236 --- [           main] c.lonton.binarytree.TreeApplicationTest  : 后序遍历查找节点:瓜果类
]]></system-out>
  </testcase>
  <testcase name="midOrderTraversalSearch" classname="com.lonton.binarytree.TreeApplicationTest" time="0.012">
    <system-out><![CDATA[2023-03-23 15:31:21.904  INFO 28236 --- [           main] c.lonton.binarytree.TreeApplicationTest  : 中序遍历查找节点:瓜果类
]]></system-out>
  </testcase>
  <testcase name="countHeight" classname="com.lonton.binarytree.TreeApplicationTest" time="0.014"/>
  <testcase name="nodeNum" classname="com.lonton.binarytree.TreeApplicationTest" time="0.015"/>
</testsuite>