<?xml version="1.0" encoding="UTF-8"?>
<testsuite xmlns:xsi="http://www.w3.org/2001/XMLSchema-instance" xsi:noNamespaceSchemaLocation="https://maven.apache.org/surefire/maven-surefire-plugin/xsd/surefire-test-report-3.0.xsd" version="3.0" name="com.lonton.binarytree.TreeApplicationTest" time="5.554" tests="11" errors="0" skipped="0" failures="0">
  <properties>
[...]
</properties>
  <testcase name="prePrint" classname="com.lonton.binarytree.TreeApplicationTest" time="0.874">
    <system-out><![CDATA[11:27:08.881 [main] DEBUG org.springframework.test.context.BootstrapUtils - Instantiating CacheAwareContextLoaderDelegate from class [org.springframework.test.context.cache.DefaultCacheAwareContextLoaderDelegate]
11:27:08.907 [main] DEBUG org.springframework.test.context.BootstrapUtils - Instantiating BootstrapContext using constructor [public org.springframework.test.context.support.DefaultBootstrapContext(java.lang.Class,org.springframework.test.context.CacheAwareContextLoaderDelegate)]
11:27:09.010 [main] DEBUG org.springframework.test.context.BootstrapUtils - Instantiating TestContextBootstrapper for test class [com.lonton.binarytree.TreeApplicationTest] from class [org.springframework.boot.test.context.SpringBootTestContextBootstrapper]
11:27:09.049 [main] INFO org.springframework.boot.test.context.SpringBootTestContextBootstrapper - Neither @ContextConfiguration nor @ContextHierarchy found for test class [com.lonton.binarytree.TreeApplicationTest], using SpringBootContextLoader
11:27:09.058 [main] DEBUG org.springframework.test.context.support.AbstractContextLoader - Did not detect default resource location for test class [com.lonton.binarytree.TreeApplicationTest]: class path resource [com/lonton/binarytree/TreeApplicationTest-context.xml] does not exist
11:27:09.059 [main] DEBUG org.springframework.test.context.support.AbstractContextLoader - Did not detect default resource location for test class [com.lonton.binarytree.TreeApplicationTest]: class path resource [com/lonton/binarytree/TreeApplicationTestContext.groovy] does not exist
11:27:09.059 [main] INFO org.springframework.test.context.support.AbstractContextLoader - Could not detect default resource locations for test class [com.lonton.binarytree.TreeApplicationTest]: no resource found for suffixes {-context.xml, Context.groovy}.
11:27:09.197 [main] DEBUG org.springframework.test.context.support.ActiveProfilesUtils - Could not find an 'annotation declaring class' for annotation type [org.springframework.test.context.ActiveProfiles] and class [com.lonton.binarytree.TreeApplicationTest]
11:27:09.588 [main] DEBUG org.springframework.boot.test.context.SpringBootTestContextBootstrapper - @TestExecutionListeners is not present for class [com.lonton.binarytree.TreeApplicationTest]: using defaults.
11:27:09.589 [main] INFO org.springframework.boot.test.context.SpringBootTestContextBootstrapper - Loaded default TestExecutionListener class names from location [META-INF/spring.factories]: [org.springframework.boot.test.mock.mockito.MockitoTestExecutionListener, org.springframework.boot.test.mock.mockito.ResetMocksTestExecutionListener, org.springframework.boot.test.autoconfigure.restdocs.RestDocsTestExecutionListener, org.springframework.boot.test.autoconfigure.web.client.MockRestServiceServerResetTestExecutionListener, org.springframework.boot.test.autoconfigure.web.servlet.MockMvcPrintOnlyOnFailureTestExecutionListener, org.springframework.boot.test.autoconfigure.web.servlet.WebDriverTestExecutionListener, org.springframework.boot.test.autoconfigure.webservices.client.MockWebServiceServerTestExecutionListener, org.springframework.test.context.web.ServletTestExecutionListener, org.springframework.test.context.support.DirtiesContextBeforeModesTestExecutionListener, org.springframework.test.context.event.ApplicationEventsTestExecutionListener, org.springframework.test.context.support.DependencyInjectionTestExecutionListener, org.springframework.test.context.support.DirtiesContextTestExecutionListener, org.springframework.test.context.transaction.TransactionalTestExecutionListener, org.springframework.test.context.jdbc.SqlScriptsTestExecutionListener, org.springframework.test.context.event.EventPublishingTestExecutionListener]
11:27:09.639 [main] INFO org.springframework.boot.test.context.SpringBootTestContextBootstrapper - Using TestExecutionListeners: [org.springframework.test.context.web.ServletTestExecutionListener@1aac0a47, org.springframework.test.context.support.DirtiesContextBeforeModesTestExecutionListener@4b3ad7ca, org.springframework.test.context.event.ApplicationEventsTestExecutionListener@6785c9fa, org.springframework.boot.test.mock.mockito.MockitoTestExecutionListener@63cf578f, org.springframework.boot.test.autoconfigure.SpringBootDependencyInjectionTestExecutionListener@194b9783, org.springframework.test.context.support.DirtiesContextTestExecutionListener@45297e7, org.springframework.test.context.transaction.TransactionalTestExecutionListener@4dd1548e, org.springframework.test.context.jdbc.SqlScriptsTestExecutionListener@54bb1194, org.springframework.test.context.event.EventPublishingTestExecutionListener@1109730f, org.springframework.boot.test.mock.mockito.ResetMocksTestExecutionListener@1f42366, org.springframework.boot.test.autoconfigure.restdocs.RestDocsTestExecutionListener@46c662f2, org.springframework.boot.test.autoconfigure.web.client.MockRestServiceServerResetTestExecutionListener@4afdfc0f, org.springframework.boot.test.autoconfigure.web.servlet.MockMvcPrintOnlyOnFailureTestExecutionListener@10b67f54, org.springframework.boot.test.autoconfigure.web.servlet.WebDriverTestExecutionListener@30798137, org.springframework.boot.test.autoconfigure.webservices.client.MockWebServiceServerTestExecutionListener@455da438]
11:27:09.648 [main] DEBUG org.springframework.test.context.support.AbstractDirtiesContextTestExecutionListener - Before test class: context [DefaultTestContext@7f012923 testClass = TreeApplicationTest, testInstance = [null], testMethod = [null], testException = [null], mergedContextConfiguration = [WebMergedContextConfiguration@601f264d testClass = TreeApplicationTest, locations = '{}', classes = '{class com.lonton.binarytree.TreeApplication}', contextInitializerClasses = '[]', activeProfiles = '{}', propertySourceLocations = '{}', propertySourceProperties = '{org.springframework.boot.test.context.SpringBootTestContextBootstrapper=true}', contextCustomizers = set[[ImportsContextCustomizer@4403bff8 key = [@org.springframework.test.context.BootstrapWith(value=class org.springframework.boot.test.context.SpringBootTestContextBootstrapper), @org.springframework.boot.test.context.SpringBootTest(args=[], webEnvironment=MOCK, value=[], properties=[], classes=[class com.lonton.binarytree.TreeApplication]), @org.springframework.context.annotation.Import(value=[class org.mybatis.spring.annotation.MapperScannerRegistrar]), @org.mybatis.spring.annotation.MapperScan(sqlSessionFactoryRef=, sqlSessionTemplateRef=, lazyInitialization=, annotationClass=interface java.lang.annotation.Annotation, basePackageClasses=[], nameGenerator=interface org.springframework.beans.factory.support.BeanNameGenerator, markerInterface=class java.lang.Class, basePackages=[], value=[com.lonton.binarytree.mapper.TreeNodeMapper], factoryBean=class org.mybatis.spring.mapper.MapperFactoryBean)]], org.springframework.boot.test.context.filter.ExcludeFilterContextCustomizer@36068727, org.springframework.boot.test.json.DuplicateJsonObjectContextCustomizerFactory$DuplicateJsonObjectContextCustomizer@29896529, org.springframework.boot.test.mock.mockito.MockitoContextCustomizer@0, org.springframework.boot.test.web.client.TestRestTemplateContextCustomizer@47b269c4, org.springframework.boot.test.autoconfigure.actuate.metrics.MetricsExportContextCustomizerFactory$DisableMetricExportContextCustomizer@1e1232cf, org.springframework.boot.test.autoconfigure.properties.PropertyMappingContextCustomizer@0, org.springframework.boot.test.autoconfigure.web.servlet.WebDriverContextCustomizerFactory$Customizer@800d065, org.springframework.boot.test.context.SpringBootTestArgs@1, org.springframework.boot.test.context.SpringBootTestWebEnvironment@65a4798f], resourceBasePath = 'src/main/webapp', contextLoader = 'org.springframework.boot.test.context.SpringBootContextLoader', parent = [null]], attributes = map['org.springframework.test.context.web.ServletTestExecutionListener.activateListener' -> true]], class annotated with @DirtiesContext [false] with mode [null].
11:27:09.770 [main] DEBUG org.springframework.boot.ApplicationServletEnvironment - Activating profiles []
11:27:09.772 [main] DEBUG org.springframework.test.context.support.TestPropertySourceUtils - Adding inlined properties to environment: {spring.jmx.enabled=false, org.springframework.boot.test.context.SpringBootTestContextBootstrapper=true}

  .   ____          _            __ _ _
 /\\ / ___'_ __ _ _(_)_ __  __ _ \ \ \ \
( ( )\___ | '_ | '_| | '_ \/ _` | \ \ \ \
 \\/  ___)| |_)| | | | | || (_| |  ) ) ) )
  '  |____| .__|_| |_|_| |_\__, | / / / /
 =========|_|==============|___/=/_/_/_/
 :: Spring Boot ::                (v2.6.1)

2023-04-13 11:27:10.482  INFO 37136 --- [           main] c.lonton.binarytree.TreeApplicationTest  : Starting TreeApplicationTest using Java 1.8.0_45 on LAPTOP-EQ4FJRRO with PID 37136 (started by zhanglihong2333 in C:\Users\zhanglihong2333\IdeaProjects\data-structure)
2023-04-13 11:27:10.484  INFO 37136 --- [           main] c.lonton.binarytree.TreeApplicationTest  : The following profiles are active: dev
2023-04-13 11:27:11.437  WARN 37136 --- [           main] o.m.s.mapper.ClassPathMapperScanner      : No MyBatis mapper was found in '[com.lonton.binarytree.mapper.TreeNodeMapper]' package. Please check your configuration.
2023-04-13 11:27:11.686  INFO 37136 --- [           main] c.lonton.binarytree.utils.MybatisConfig  : 加载配置类：MybatisConfiguration
2023-04-13 11:27:11.739  INFO 37136 --- [           main] c.a.d.s.b.a.DruidDataSourceAutoConfigure : Init DruidDataSource
2023-04-13 11:27:12.038  INFO 37136 --- [           main] com.alibaba.druid.pool.DruidDataSource   : {dataSource-1} inited
2023-04-13 11:27:13.268  INFO 37136 --- [           main] c.lonton.binarytree.TreeApplicationTest  : Started TreeApplicationTest in 3.494 seconds (JVM running for 5.787)
2023-04-13 11:27:14.145  INFO 37136 --- [           main] c.lonton.binarytree.TreeApplicationTest  : 前序遍历打印二叉树:[水果, 柑橘类, 橙子, 沃柑, 瓜果类, 西瓜, 哈密瓜]
]]></system-out>
  </testcase>
  <testcase name="preOrderTraversalSearch" classname="com.lonton.binarytree.TreeApplicationTest" time="0.01">
    <system-out><![CDATA[2023-04-13 11:27:14.187  INFO 37136 --- [           main] c.lonton.binarytree.TreeApplicationTest  : 前序遍历查找节点:水果
]]></system-out>
  </testcase>
  <testcase name="midFilter" classname="com.lonton.binarytree.TreeApplicationTest" time="0.012">
    <system-out><![CDATA[2023-04-13 11:27:14.200  INFO 37136 --- [           main] c.lonton.binarytree.TreeApplicationTest  : 中序过滤二叉树:[橙子]
]]></system-out>
  </testcase>
  <testcase name="mid" classname="com.lonton.binarytree.TreeApplicationTest" time="0.008">
    <system-out><![CDATA[2023-04-13 11:27:14.210  INFO 37136 --- [           main] c.lonton.binarytree.TreeApplicationTest  : 中序遍历打印二叉树:[橙子, 柑橘类, 沃柑, 水果, 西瓜, 瓜果类, 哈密瓜]
]]></system-out>
  </testcase>
  <testcase name="pre" classname="com.lonton.binarytree.TreeApplicationTest" time="0.009">
    <system-out><![CDATA[2023-04-13 11:27:14.220  INFO 37136 --- [           main] c.lonton.binarytree.TreeApplicationTest  : 前序遍历打印二叉树:[水果, 柑橘类, 橙子, 沃柑, 瓜果类, 西瓜, 哈密瓜]
]]></system-out>
  </testcase>
  <testcase name="post" classname="com.lonton.binarytree.TreeApplicationTest" time="0.011">
    <system-out><![CDATA[2023-04-13 11:27:14.233  INFO 37136 --- [           main] c.lonton.binarytree.TreeApplicationTest  : 后序遍历打印二叉树:[橙子, 沃柑, 柑橘类, 西瓜, 哈密瓜, 瓜果类, 水果]
]]></system-out>
  </testcase>
  <testcase name="testFilterByStream" classname="com.lonton.binarytree.TreeApplicationTest" time="0.011">
    <system-out><![CDATA[2023-04-13 11:27:14.245  INFO 37136 --- [           main] c.lonton.binarytree.TreeApplicationTest  : 为左节点的节点：沃柑
2023-04-13 11:27:14.245  INFO 37136 --- [           main] c.lonton.binarytree.TreeApplicationTest  : 为左节点的节点：瓜果类
]]></system-out>
  </testcase>
  <testcase name="postOrderTraversalSearch" classname="com.lonton.binarytree.TreeApplicationTest" time="0.007">
    <system-out><![CDATA[2023-04-13 11:27:14.256  INFO 37136 --- [           main] c.lonton.binarytree.TreeApplicationTest  : 后序遍历查找节点:瓜果类
]]></system-out>
  </testcase>
  <testcase name="midOrderTraversalSearch" classname="com.lonton.binarytree.TreeApplicationTest" time="0.009">
    <system-out><![CDATA[2023-04-13 11:27:14.264  INFO 37136 --- [           main] c.lonton.binarytree.TreeApplicationTest  : 中序遍历查找节点:瓜果类
]]></system-out>
  </testcase>
  <testcase name="countHeight" classname="com.lonton.binarytree.TreeApplicationTest" time="0.01"/>
  <testcase name="nodeNum" classname="com.lonton.binarytree.TreeApplicationTest" time="0.008"/>
</testsuite>